<?xml version="1.0" encoding="UTF-8"?>
<!-- Generated by org.testng.reporters.JUnitXMLReporter -->
<testsuite ignored="0" hostname="DESKTOP-M9R0QRP" failures="0" tests="1" name="Test(failed)" time="30.982" errors="0" timestamp="27 Aug 2021 12:38:39 GMT">
  <testcase classname="com.teachopia.genericlib.Base" name="@BeforeMethod loginIntoTeachopia" time="0.517">
    <failure type="org.openqa.selenium.WebDriverException" message="java.lang.NullPointerException
Build info: version: &amp;apos;3.141.59&amp;apos;, revision: &amp;apos;e82be7d358&amp;apos;, time: &amp;apos;2018-11-14T08:17:03&amp;apos;
System info: host: &amp;apos;DESKTOP-M9R0QRP&amp;apos;, ip: &amp;apos;172.16.10.247&amp;apos;, os.name: &amp;apos;Windows 10&amp;apos;, os.arch: &amp;apos;amd64&amp;apos;, os.version: &amp;apos;10.0&amp;apos;, java.version: &amp;apos;12.0.2&amp;apos;
Driver info: driver.version: unknown">
      <![CDATA[org.openqa.selenium.WebDriverException: java.lang.NullPointerException
Build info: version: '3.141.59', revision: 'e82be7d358', time: '2018-11-14T08:17:03'
System info: host: 'DESKTOP-M9R0QRP', ip: '172.16.10.247', os.name: 'Windows 10', os.arch: 'amd64', os.version: '10.0', java.version: '12.0.2'
Driver info: driver.version: unknown
at io.appium.java_client.pagefactory.AppiumElementLocator$WaitingFunction.apply(AppiumElementLocator.java:192)
at io.appium.java_client.pagefactory.AppiumElementLocator$WaitingFunction.apply(AppiumElementLocator.java:1)
at org.openqa.selenium.support.ui.FluentWait.until(FluentWait.java:249)
at io.appium.java_client.pagefactory.AppiumElementLocator.waitFor(AppiumElementLocator.java:99)
at io.appium.java_client.pagefactory.AppiumElementLocator.findElement(AppiumElementLocator.java:119)
at io.appium.java_client.pagefactory.interceptors.InterceptorOfASingleElement.intercept(InterceptorOfASingleElement.java:59)
at org.openqa.selenium.remote.RemoteWebElement$$EnhancerByCGLIB$$d27c0df4.click(<generated>)
at com.teachopia.genericlib.Base.loginIntoTeachopia(Base.java:58)
Caused by: java.lang.NullPointerException
at io.appium.java_client.pagefactory.AppiumElementLocator.lambda$0(AppiumElementLocator.java:120)
at io.appium.java_client.pagefactory.AppiumElementLocator$WaitingFunction.apply(AppiumElementLocator.java:172)
... 35 more
... Removed 28 stack frames]]>
    </failure>
  </testcase> <!-- @BeforeMethod loginIntoTeachopia -->
  <testcase classname="com.teachopia.genericlib.Base" name="@AfterMethod logoutFromTeachopia" time="0.0">
    <skipped/>
  </testcase> <!-- @AfterMethod logoutFromTeachopia -->
  <testcase classname="com.teachopia.genericlib.Base" name="@AfterClass quitTeachopia" time="0.0">
    <skipped/>
  </testcase> <!-- @AfterClass quitTeachopia -->
  <testcase classname="teachopia.WelcomeToTeachopiaTest" name="welcomeTest" time="0.0">
    <skipped/>
  </testcase> <!-- welcomeTest -->
</testsuite> <!-- Test(failed) -->
