<?xml version="1.0" encoding="UTF-8"?>
<testng-results ignored="0" total="1" passed="1" failed="0" skipped="0">
  <reporter-output>
    <line>
      <![CDATA[Loggedin Successfully]]>
    </line>
    <line>
      <![CDATA[Welcome to Homescreen]]>
    </line>
    <line>
      <![CDATA[Loggedout Successfully]]>
    </line>
    <line>
      <![CDATA[App closes successfully]]>
    </line>
  </reporter-output>
  <suite started-at="2021-08-28T11:27:43Z" name="Suite" finished-at="2021-08-28T11:28:43Z" duration-ms="59739">
    <groups>
    </groups>
    <test started-at="2021-08-28T11:27:43Z" name="Test" finished-at="2021-08-28T11:28:43Z" duration-ms="59739">
      <class name="teachopia.WelcomeToTeachopiaTest">
        <test-method is-config="true" signature="installTeachopia()[pri:0, instance:teachopia.WelcomeToTeachopiaTest@6f96c77]" started-at="2021-08-28T11:27:43Z" name="installTeachopia" finished-at="2021-08-28T11:27:57Z" duration-ms="13766" status="PASS">
          <reporter-output>
          </reporter-output>
        </test-method> <!-- installTeachopia -->
        <test-method is-config="true" signature="loginIntoTeachopia()[pri:0, instance:teachopia.WelcomeToTeachopiaTest@6f96c77]" started-at="2021-08-28T11:27:57Z" name="loginIntoTeachopia" finished-at="2021-08-28T11:28:32Z" duration-ms="34861" status="PASS">
          <reporter-output>
            <line>
              <![CDATA[Loggedin Successfully]]>
            </line>
          </reporter-output>
        </test-method> <!-- loginIntoTeachopia -->
        <test-method signature="welcomeTest()[pri:0, instance:teachopia.WelcomeToTeachopiaTest@6f96c77]" started-at="2021-08-28T11:28:32Z" name="welcomeTest" finished-at="2021-08-28T11:28:32Z" duration-ms="7" status="PASS">
          <reporter-output>
            <line>
              <![CDATA[Welcome to Homescreen]]>
            </line>
          </reporter-output>
        </test-method> <!-- welcomeTest -->
        <test-method is-config="true" signature="logoutFromTeachopia()[pri:0, instance:teachopia.WelcomeToTeachopiaTest@6f96c77]" started-at="2021-08-28T11:28:32Z" name="logoutFromTeachopia" finished-at="2021-08-28T11:28:41Z" duration-ms="9338" status="PASS">
          <reporter-output>
            <line>
              <![CDATA[Loggedout Successfully]]>
            </line>
          </reporter-output>
        </test-method> <!-- logoutFromTeachopia -->
        <test-method is-config="true" signature="quitTeachopia()[pri:0, instance:teachopia.WelcomeToTeachopiaTest@6f96c77]" started-at="2021-08-28T11:28:41Z" name="quitTeachopia" finished-at="2021-08-28T11:28:43Z" duration-ms="1725" status="PASS">
          <reporter-output>
            <line>
              <![CDATA[App closes successfully]]>
            </line>
          </reporter-output>
        </test-method> <!-- quitTeachopia -->
      </class> <!-- teachopia.WelcomeToTeachopiaTest -->
    </test> <!-- Test -->
  </suite> <!-- Suite -->
</testng-results>
